<?xml version="1.0" encoding="UTF-8"?>
<!-- Generated by org.testng.reporters.JUnitXMLReporter -->
<testsuite hostname="DESKTOP-MAPQ770" failures="0" tests="4" name="Batch" time="0.051" errors="0" timestamp="19 Jul 2022 04:19:02 GMT">
  <testcase classname="test.TrialTest" name="hello" time="0.018"/>
  <testcase classname="test.TrialTest" name="hello1" time="0.001"/>
  <testcase classname="test.Trail2Test" name="hello" time="0.001"/>
  <testcase classname="test.Trail2Test" name="hello1" time="0.001"/>
</testsuite> <!-- Batch -->
